{"C:\\Users\\jessi\\epicodus\\react\\coin-counter\\src\\js\\coin-calculator.js": {"path":"C:\\Users\\jessi\\epicodus\\react\\coin-counter\\src\\js\\coin-calculator.js","statementMap":{"0":{"start":{"line":6,"column":21},"end":{"line":24,"column":3}},"1":{"start":{"line":7,"column":4},"end":{"line":23,"column":5}},"2":{"start":{"line":8,"column":6},"end":{"line":8,"column":13}},"3":{"start":{"line":9,"column":11},"end":{"line":23,"column":5}},"4":{"start":{"line":10,"column":6},"end":{"line":10,"column":48}},"5":{"start":{"line":11,"column":11},"end":{"line":23,"column":5}},"6":{"start":{"line":12,"column":6},"end":{"line":12,"column":57}},"7":{"start":{"line":13,"column":6},"end":{"line":13,"column":71}},"8":{"start":{"line":14,"column":11},"end":{"line":23,"column":5}},"9":{"start":{"line":15,"column":6},"end":{"line":15,"column":54}},"10":{"start":{"line":16,"column":6},"end":{"line":16,"column":72}},"11":{"start":{"line":17,"column":11},"end":{"line":23,"column":5}},"12":{"start":{"line":18,"column":6},"end":{"line":18,"column":56}},"13":{"start":{"line":19,"column":6},"end":{"line":19,"column":72}},"14":{"start":{"line":20,"column":11},"end":{"line":23,"column":5}},"15":{"start":{"line":21,"column":6},"end":{"line":21,"column":56}},"16":{"start":{"line":22,"column":6},"end":{"line":22,"column":61}}},"fnMap":{"0":{"name":"(anonymous_0)","decl":{"start":{"line":6,"column":21},"end":{"line":6,"column":22}},"loc":{"start":{"line":6,"column":37},"end":{"line":24,"column":3}},"line":6}},"branchMap":{"0":{"loc":{"start":{"line":7,"column":4},"end":{"line":23,"column":5}},"type":"if","locations":[{"start":{"line":7,"column":4},"end":{"line":23,"column":5}},{"start":{"line":9,"column":11},"end":{"line":23,"column":5}}],"line":7},"1":{"loc":{"start":{"line":9,"column":11},"end":{"line":23,"column":5}},"type":"if","locations":[{"start":{"line":9,"column":11},"end":{"line":23,"column":5}},{"start":{"line":11,"column":11},"end":{"line":23,"column":5}}],"line":9},"2":{"loc":{"start":{"line":11,"column":11},"end":{"line":23,"column":5}},"type":"if","locations":[{"start":{"line":11,"column":11},"end":{"line":23,"column":5}},{"start":{"line":14,"column":11},"end":{"line":23,"column":5}}],"line":11},"3":{"loc":{"start":{"line":14,"column":11},"end":{"line":23,"column":5}},"type":"if","locations":[{"start":{"line":14,"column":11},"end":{"line":23,"column":5}},{"start":{"line":17,"column":11},"end":{"line":23,"column":5}}],"line":14},"4":{"loc":{"start":{"line":17,"column":11},"end":{"line":23,"column":5}},"type":"if","locations":[{"start":{"line":17,"column":11},"end":{"line":23,"column":5}},{"start":{"line":20,"column":11},"end":{"line":23,"column":5}}],"line":17},"5":{"loc":{"start":{"line":20,"column":11},"end":{"line":23,"column":5}},"type":"if","locations":[{"start":{"line":20,"column":11},"end":{"line":23,"column":5}},{"start":{},"end":{}}],"line":20}},"s":{"0":0,"1":0,"2":0,"3":0,"4":0,"5":0,"6":0,"7":0,"8":0,"9":0,"10":0,"11":0,"12":0,"13":0,"14":0,"15":0,"16":0},"f":{"0":0},"b":{"0":[0,0],"1":[0,0],"2":[0,0],"3":[0,0],"4":[0,0],"5":[0,0]},"_coverageSchema":"1a1c01bbd47fc00a2c39e90264f33305004495a9","hash":"a24850f3c6847a6a35db2632d1e3692f09497d0b"}
}
